# JRE version: OpenJDK Runtime Environment Temurin-21.0.8+9 (21.0.9+10) (build 21.0.8+9-LTS)
# Java VM: OpenJDK 64-Bit Server VM Temurin-21.0.8+9 (21.0.9+10-LTS, mixed mode, tiered, compressed oops, compressed class ptrs, g1 gc, windows-amd64)
GC Precious Log:
 CardTable entry size: 512
 Card Set container configuration: InlinePtr #cards 5 size 8 Array Of Cards #cards 12 size 40 Howl #buckets 4 coarsen threshold 1843 Howl Bitmap #cards 512 size 80 coarsen threshold 460 Card regions per heap region 1 cards per card region 2048
 CPUs: 8 total, 8 available
 Memory: 8006M
 Large Page Support: Disabled
 NUMA Support: Disabled
 Compressed Oops: Enabled (32-bit)
 Heap Region Size: 1M
 Heap Min Capacity: 8M
 Heap Initial Capacity: 126M
 Heap Max Capacity: 2002M
 Pre-touch: Disabled
 Parallel Workers: 8
 Concurrent Workers: 2
 Concurrent Refinement Workers: 8
 Periodic GC: Disabled
Heap:
 garbage-first heap   total 79872K, used 61509K [0x0000000082e00000, 0x0000000100000000)
  region size 1024K, 32 young (32768K), 6 survivors (6144K)
 Metaspace       used 77213K, committed 78080K, reserved 1179648K
  class space    used 9598K, committed 9984K, reserved 1048576K
GC Heap History (20 events):
Event: 2.398 GC heap before
{Heap before GC invocations=4 (full 0):
 garbage-first heap   total 55296K, used 44475K [0x0000000082e00000, 0x0000000100000000)
  region size 1024K, 32 young (32768K), 3 survivors (3072K)
 Metaspace       used 28545K, committed 28992K, reserved 1114112K
  class space    used 3320K, committed 3520K, reserved 1048576K
}
Event: 2.402 GC heap after
{Heap after GC invocations=5 (full 0):
 garbage-first heap   total 55296K, used 17891K [0x0000000082e00000, 0x0000000100000000)
  region size 1024K, 4 young (4096K), 4 survivors (4096K)
 Metaspace       used 28545K, committed 28992K, reserved 1114112K
  class space    used 3320K, committed 3520K, reserved 1048576K
}
Event: 2.614 GC heap before
{Heap before GC invocations=5 (full 0):
 garbage-first heap   total 55296K, used 37347K [0x0000000082e00000, 0x0000000100000000)
  region size 1024K, 24 young (24576K), 4 survivors (4096K)
 Metaspace       used 33351K, committed 33792K, reserved 1114112K
  class space    used 3949K, committed 4160K, reserved 1048576K
}
Event: 2.618 GC heap after
{Heap after GC invocations=6 (full 0):
 garbage-first heap   total 55296K, used 18804K [0x0000000082e00000, 0x0000000100000000)
  region size 1024K, 1 young (1024K), 1 survivors (1024K)
 Metaspace       used 33351K, committed 33792K, reserved 1114112K
  class space    used 3949K, committed 4160K, reserved 1048576K
}
Event: 2.743 GC heap before
{Heap before GC invocations=6 (full 0):
 garbage-first heap   total 55296K, used 32116K [0x0000000082e00000, 0x0000000100000000)
  region size 1024K, 15 young (15360K), 1 survivors (1024K)
 Metaspace       used 35760K, committed 36160K, reserved 1114112K
  class space    used 4263K, committed 4416K, reserved 1048576K
}
Event: 2.745 GC heap after
{Heap after GC invocations=7 (full 0):
 garbage-first heap   total 55296K, used 19640K [0x0000000082e00000, 0x0000000100000000)
  region size 1024K, 2 young (2048K), 2 survivors (2048K)
 Metaspace       used 35760K, committed 36160K, reserved 1114112K
  class space    used 4263K, committed 4416K, reserved 1048576K
}
Event: 3.034 GC heap before
{Heap before GC invocations=8 (full 0):
 garbage-first heap   total 55296K, used 43192K [0x0000000082e00000, 0x0000000100000000)
  region size 1024K, 25 young (25600K), 2 survivors (2048K)
 Metaspace       used 38669K, committed 39104K, reserved 1114112K
  class space    used 4649K, committed 4800K, reserved 1048576K
}
Event: 3.039 GC heap after
{Heap after GC invocations=9 (full 0):
 garbage-first heap   total 66560K, used 22061K [0x0000000082e00000, 0x0000000100000000)
  region size 1024K, 4 young (4096K), 4 survivors (4096K)
 Metaspace       used 38669K, committed 39104K, reserved 1114112K
  class space    used 4649K, committed 4800K, reserved 1048576K
}
Event: 3.242 GC heap before
{Heap before GC invocations=9 (full 0):
 garbage-first heap   total 66560K, used 51757K [0x0000000082e00000, 0x0000000100000000)
  region size 1024K, 34 young (34816K), 4 survivors (4096K)
 Metaspace       used 43644K, committed 44160K, reserved 1114112K
  class space    used 5255K, committed 5504K, reserved 1048576K
}
Event: 3.247 GC heap after
{Heap after GC invocations=10 (full 0):
 garbage-first heap   total 66560K, used 23103K [0x0000000082e00000, 0x0000000100000000)
  region size 1024K, 4 young (4096K), 4 survivors (4096K)
 Metaspace       used 43644K, committed 44160K, reserved 1114112K
  class space    used 5255K, committed 5504K, reserved 1048576K
}
Event: 3.663 GC heap before
{Heap before GC invocations=10 (full 0):
 garbage-first heap   total 66560K, used 53823K [0x0000000082e00000, 0x0000000100000000)
  region size 1024K, 34 young (34816K), 4 survivors (4096K)
 Metaspace       used 47404K, committed 47872K, reserved 1114112K
  class space    used 5760K, committed 5952K, reserved 1048576K
}
Event: 3.668 GC heap after
{Heap after GC invocations=11 (full 0):
 garbage-first heap   total 66560K, used 25434K [0x0000000082e00000, 0x0000000100000000)
  region size 1024K, 4 young (4096K), 4 survivors (4096K)
 Metaspace       used 47404K, committed 47872K, reserved 1114112K
  class space    used 5760K, committed 5952K, reserved 1048576K
}
Event: 4.365 GC heap before
{Heap before GC invocations=11 (full 0):
 garbage-first heap   total 66560K, used 55130K [0x0000000082e00000, 0x0000000100000000)
  region size 1024K, 34 young (34816K), 4 survivors (4096K)
 Metaspace       used 54965K, committed 55552K, reserved 1114112K
  class space    used 6654K, committed 6912K, reserved 1048576K
}
Event: 4.375 GC heap after
{Heap after GC invocations=12 (full 0):
 garbage-first heap   total 66560K, used 28099K [0x0000000082e00000, 0x0000000100000000)
  region size 1024K, 5 young (5120K), 5 survivors (5120K)
 Metaspace       used 54965K, committed 55552K, reserved 1114112K
  class space    used 6654K, committed 6912K, reserved 1048576K
}
Event: 4.644 GC heap before
{Heap before GC invocations=12 (full 0):
 garbage-first heap   total 66560K, used 50627K [0x0000000082e00000, 0x0000000100000000)
  region size 1024K, 29 young (29696K), 5 survivors (5120K)
 Metaspace       used 59882K, committed 60480K, reserved 1114112K
  class space    used 7087K, committed 7360K, reserved 1048576K
}
Event: 4.654 GC heap after
{Heap after GC invocations=13 (full 0):
 garbage-first heap   total 79872K, used 30579K [0x0000000082e00000, 0x0000000100000000)
  region size 1024K, 3 young (3072K), 3 survivors (3072K)
 Metaspace       used 59882K, committed 60480K, reserved 1114112K
  class space    used 7087K, committed 7360K, reserved 1048576K
}
Event: 5.261 GC heap before
{Heap before GC invocations=14 (full 0):
 garbage-first heap   total 79872K, used 67443K [0x0000000082e00000, 0x0000000100000000)
  region size 1024K, 40 young (40960K), 3 survivors (3072K)
 Metaspace       used 67340K, committed 68032K, reserved 1114112K
  class space    used 8173K, committed 8448K, reserved 1048576K
}
Event: 5.267 GC heap after
{Heap after GC invocations=15 (full 0):
 garbage-first heap   total 79872K, used 32980K [0x0000000082e00000, 0x0000000100000000)
  region size 1024K, 5 young (5120K), 5 survivors (5120K)
 Metaspace       used 67340K, committed 68032K, reserved 1114112K
  class space    used 8173K, committed 8448K, reserved 1048576K
}
Event: 5.893 GC heap before
{Heap before GC invocations=15 (full 0):
 garbage-first heap   total 79872K, used 69844K [0x0000000082e00000, 0x0000000100000000)
  region size 1024K, 41 young (41984K), 5 survivors (5120K)
 Metaspace       used 73448K, committed 74176K, reserved 1114112K
  class space    used 9103K, committed 9408K, reserved 1048576K
}
Event: 5.904 GC heap after
{Heap after GC invocations=16 (full 0):
 garbage-first heap   total 79872K, used 35909K [0x0000000082e00000, 0x0000000100000000)
  region size 1024K, 6 young (6144K), 6 survivors (6144K)
 Metaspace       used 73448K, committed 74176K, reserved 1114112K
  class space    used 9103K, committed 9408K, reserved 1048576K
}

